<?xml version="1.0" encoding="UTF-8"?>
<!-- Generated by org.testng.reporters.JUnitReportReporter -->
<testsuite skipped="0" hostname="Paulomi" name="demo.nopcommerce.com.testsuite.LoginTest" tests="1" failures="0" timestamp="2023-05-07T14:24:56 BST" time="10.004" errors="0">
  <testcase name="verifyProductArrangeInAlphabaticalOrder" time="10.004" classname="demo.nopcommerce.com.testsuite.LoginTest"/>
  <system-out/>
</testsuite> <!-- demo.nopcommerce.com.testsuite.LoginTest -->
